<?xml version="1.0" encoding="UTF-8"?>
<robot generator="Robot 3.2.2 (Python 3.8.6 on darwin)" generated="20210123 10:07:19.262" rpa="false">
<suite id="s1" name="Login" source="/Users/renatoreis/Documents/qaninja/twp/tests/login.robot">
<test id="s1-t1" name="Deve logar com sucesso">
<kw name="Open Session" library="base" type="setup">
<kw name="Set Appium Timeout" library="AppiumLibrary">
<doc>Sets the timeout in seconds used by various keywords.</doc>
<arguments>
<arg>5</arg>
</arguments>
<status status="PASS" starttime="20210123 10:07:19.393" endtime="20210123 10:07:19.393"></status>
</kw>
<kw name="Open Application" library="AppiumLibrary">
<doc>Opens a new application to given Appium server.
Capabilities of appium server, Android and iOS,
Please check https://github.com/appium/appium/blob/master/docs/en/writing-running-appium/server-args.md
| *Option*            | *Man.* | *Description*     |
| remote_url          | Yes    | Appium server url |
| alias               | no     | alias             |</doc>
<arguments>
<arg>http://localhost:4723/wd/hub</arg>
<arg>automationName=UiAutomator2</arg>
<arg>platformName=Android</arg>
<arg>deviceName=Emulator</arg>
<arg>app=${EXECDIR}/app/twp.apk</arg>
</arguments>
<status status="PASS" starttime="20210123 10:07:19.393" endtime="20210123 10:07:27.009"></status>
</kw>
<kw name="Get Started" library="helpers">
<kw name="Wait Until Page Contains" library="AppiumLibrary">
<doc>Waits until `text` appears on current page.</doc>
<arguments>
<arg>${START}</arg>
</arguments>
<status status="PASS" starttime="20210123 10:07:27.010" endtime="20210123 10:07:31.584"></status>
</kw>
<kw name="Click Text" library="AppiumLibrary">
<doc>Click text identified by ``text``.</doc>
<arguments>
<arg>${START}</arg>
</arguments>
<status status="PASS" starttime="20210123 10:07:31.584" endtime="20210123 10:07:31.730"></status>
</kw>
<status status="PASS" starttime="20210123 10:07:27.009" endtime="20210123 10:07:31.731"></status>
</kw>
<status status="PASS" starttime="20210123 10:07:19.392" endtime="20210123 10:07:31.731"></status>
</kw>
<kw name="Go To Login Form" library="helpers">
<kw name="Open Nav" library="helpers">
<kw name="Wait Until Element Is Visible" library="AppiumLibrary">
<doc>Waits until element specified with `locator` is visible.</doc>
<arguments>
<arg>${HAMBURGER}</arg>
</arguments>
<status status="PASS" starttime="20210123 10:07:31.732" endtime="20210123 10:07:33.000"></status>
</kw>
<kw name="Click Element" library="AppiumLibrary">
<doc>Click element identified by `locator`.</doc>
<arguments>
<arg>${HAMBURGER}</arg>
</arguments>
<msg timestamp="20210123 10:07:33.001" level="INFO">Clicking element 'xpath=//android.widget.ImageButton[@content-desc="Open navigation drawer"]'.</msg>
<status status="PASS" starttime="20210123 10:07:33.000" endtime="20210123 10:07:33.133"></status>
</kw>
<kw name="Wait Until Element Is Visible" library="AppiumLibrary">
<doc>Waits until element specified with `locator` is visible.</doc>
<arguments>
<arg>${NAV_VIEW}</arg>
</arguments>
<status status="PASS" starttime="20210123 10:07:33.134" endtime="20210123 10:07:34.078"></status>
</kw>
<status status="PASS" starttime="20210123 10:07:31.732" endtime="20210123 10:07:34.078"></status>
</kw>
<kw name="Click Text" library="AppiumLibrary">
<doc>Click text identified by ``text``.</doc>
<arguments>
<arg>FORMS</arg>
</arguments>
<status status="PASS" starttime="20210123 10:07:34.078" endtime="20210123 10:07:34.275"></status>
</kw>
<kw name="Wait Until Page Contains" library="AppiumLibrary">
<doc>Waits until `text` appears on current page.</doc>
<arguments>
<arg>FORMS</arg>
</arguments>
<status status="PASS" starttime="20210123 10:07:34.275" endtime="20210123 10:07:34.835"></status>
</kw>
<kw name="Click Text" library="AppiumLibrary">
<doc>Click text identified by ``text``.</doc>
<arguments>
<arg>LOGIN</arg>
</arguments>
<status status="PASS" starttime="20210123 10:07:34.835" endtime="20210123 10:07:35.332"></status>
</kw>
<kw name="Wait Until Page Contains" library="AppiumLibrary">
<doc>Waits until `text` appears on current page.</doc>
<arguments>
<arg>Fala QA, vamos testar o login?</arg>
</arguments>
<status status="PASS" starttime="20210123 10:07:35.333" endtime="20210123 10:07:36.312"></status>
</kw>
<status status="PASS" starttime="20210123 10:07:31.731" endtime="20210123 10:07:36.312"></status>
</kw>
<kw name="Input Text" library="AppiumLibrary">
<doc>Types the given `text` into text field identified by `locator`.</doc>
<arguments>
<arg>id=io.qaninja.android.twp:id/etEmail</arg>
<arg>eu@papito.io</arg>
</arguments>
<msg timestamp="20210123 10:07:36.314" level="INFO">Typing text 'eu@papito.io' into text field 'id=io.qaninja.android.twp:id/etEmail'</msg>
<status status="PASS" starttime="20210123 10:07:36.313" endtime="20210123 10:07:36.891"></status>
</kw>
<kw name="Input Text" library="AppiumLibrary">
<doc>Types the given `text` into text field identified by `locator`.</doc>
<arguments>
<arg>id=io.qaninja.android.twp:id/etPassword</arg>
<arg>qaninja</arg>
</arguments>
<msg timestamp="20210123 10:07:36.893" level="INFO">Typing text 'qaninja' into text field 'id=io.qaninja.android.twp:id/etPassword'</msg>
<status status="PASS" starttime="20210123 10:07:36.892" endtime="20210123 10:07:37.966"></status>
</kw>
<kw name="Click Element" library="AppiumLibrary">
<doc>Click element identified by `locator`.</doc>
<arguments>
<arg>id=io.qaninja.android.twp:id/btnSubmit</arg>
</arguments>
<msg timestamp="20210123 10:07:37.968" level="INFO">Clicking element 'id=io.qaninja.android.twp:id/btnSubmit'.</msg>
<status status="PASS" starttime="20210123 10:07:37.967" endtime="20210123 10:07:38.550"></status>
</kw>
<kw name="Wait Until Page Contains" library="AppiumLibrary">
<doc>Waits until `text` appears on current page.</doc>
<arguments>
<arg>Show! Suas credenciais são validas.</arg>
</arguments>
<status status="PASS" starttime="20210123 10:07:38.551" endtime="20210123 10:07:39.268"></status>
</kw>
<kw name="Close Session" library="base" type="teardown">
<kw name="Close Application" library="AppiumLibrary">
<doc>Closes the current application and also close webdriver session.</doc>
<status status="PASS" starttime="20210123 10:07:39.269" endtime="20210123 10:07:39.660"></status>
</kw>
<status status="PASS" starttime="20210123 10:07:39.269" endtime="20210123 10:07:39.661"></status>
</kw>
<status status="PASS" starttime="20210123 10:07:19.392" endtime="20210123 10:07:39.661" critical="yes"></status>
</test>
<status status="PASS" starttime="20210123 10:07:19.264" endtime="20210123 10:07:39.661"></status>
</suite>
<statistics>
<total>
<stat pass="1" fail="0">Critical Tests</stat>
<stat pass="1" fail="0">All Tests</stat>
</total>
<tag>
</tag>
<suite>
<stat pass="1" fail="0" id="s1" name="Login">Login</stat>
</suite>
</statistics>
<errors>
</errors>
</robot>
